<?xml version="1.0" encoding="UTF-8"?>
<!-- Generated by org.testng.reporters.JUnitReportReporter -->
<testsuite hostname="DigitalExpert" failures="0" tests="5" name="frm.prg87" time="0.020" errors="0" timestamp="2022-10-05T17:36:53 IST" skipped="0">
  <testcase classname="frm.prg87" name="testA" time="0.001"/>
  <system-out>
    <![CDATA[testa is executed ]]>
  </system-out>
  <testcase classname="frm.prg87" name="testA" time="0.001"/>
  <system-out>
    <![CDATA[testa is executed ]]>
  </system-out>
  <testcase classname="frm.prg87" name="testA" time="0.014"/>
  <system-out>
    <![CDATA[testa is executed ]]>
  </system-out>
  <testcase classname="frm.prg87" name="testA" time="0.003"/>
  <system-out>
    <![CDATA[testa is executed ]]>
  </system-out>
  <testcase classname="frm.prg87" name="testA" time="0.001"/>
  <system-out>
    <![CDATA[testa is executed ]]>
  </system-out>
</testsuite> <!-- frm.prg87 -->
