<?xml version="1.0" encoding="UTF-8"?>
<!-- Generated by org.testng.reporters.JUnitReportReporter -->
<testsuite hostname="DigitalExpert" failures="0" tests="2" name="frm.prg83" time="0.015" errors="0" timestamp="2022-10-05T17:21:09 IST" skipped="0">
  <testcase classname="frm.prg83" name="register" time="0.013"/>
  <system-out>
    <![CDATA[register.....]]>
  </system-out>
  <testcase classname="frm.prg83" name="deleteuser" time="0.002"/>
  <system-out>
    <![CDATA[del.....]]>
  </system-out>
</testsuite> <!-- frm.prg83 -->
