<?xml version="1.0" encoding="UTF-8"?>
<!-- Generated by org.testng.reporters.JUnitReportReporter -->
<testsuite hostname="DigitalExpert" failures="0" tests="2" name="frm.prg90" time="0.012" errors="0" timestamp="2022-10-05T22:35:18 IST" skipped="1">
  <testcase classname="frm.prg90" name="register" time="0.012"/>
  <system-out>
    <![CDATA[user register]]>
  </system-out>
  <testcase classname="frm.prg90" name="deluser">
    <skipped/>
  </testcase> <!-- deluser -->
  <system-out/>
</testsuite> <!-- frm.prg90 -->
