<?xml version="1.0" encoding="UTF-8"?>
<!-- Generated by org.testng.reporters.JUnitReportReporter -->
<testsuite hostname="DigitalExpert" failures="0" tests="6" name="frm.prg88" time="0.024" errors="0" timestamp="2022-10-05T22:28:14 IST" skipped="0">
  <testcase classname="frm.prg88" name="createuser" time="0.008"/>
  <system-out>
    <![CDATA[createuser]]>
  </system-out>
  <testcase classname="frm.prg88" name="edituser" time="0.001"/>
  <system-out>
    <![CDATA[edituser]]>
  </system-out>
  <testcase classname="frm.prg88" name="deluser" time="0.001"/>
  <system-out>
    <![CDATA[deluser]]>
  </system-out>
  <testcase classname="frm.prg88" name="createtask" time="0.009"/>
  <system-out>
    <![CDATA[createtask]]>
  </system-out>
  <testcase classname="frm.prg88" name="edittask" time="0.002"/>
  <system-out>
    <![CDATA[edittask]]>
  </system-out>
  <testcase classname="frm.prg88" name="deltask" time="0.003"/>
  <system-out>
    <![CDATA[deltask]]>
  </system-out>
</testsuite> <!-- frm.prg88 -->
