<?xml version="1.0" encoding="UTF-8"?>
<!-- Generated by org.testng.reporters.JUnitReportReporter -->
<testsuite hostname="DigitalExpert" failures="0" tests="1" name="frm.prg93" time="12.725" errors="0" timestamp="2022-10-05T22:50:29 IST" skipped="0">
  <testcase classname="frm.prg93" name="testA" time="12.725"/>
  <system-out/>
</testsuite> <!-- frm.prg93 -->
