<?xml version="1.0" encoding="UTF-8"?>
<!-- Generated by org.testng.reporters.JUnitReportReporter -->
<testsuite hostname="DigitalExpert" failures="0" tests="1" name="frm.prg85" time="0.007" errors="0" timestamp="2022-10-05T17:31:39 IST" skipped="0">
  <testcase classname="frm.prg85" name="DemoA" time="0.007"/>
  <system-out>
    <![CDATA[demoa is executed ]]>
  </system-out>
</testsuite> <!-- frm.prg85 -->
