<?xml version="1.0" encoding="UTF-8"?>
<!-- Generated by org.testng.reporters.JUnitReportReporter -->
<testsuite hostname="DigitalExpert" failures="0" tests="1" name="frm.prg92" time="6.251" errors="0" timestamp="2022-10-05T22:46:34 IST" skipped="0">
  <testcase classname="frm.prg92" name="testA" time="6.251"/>
  <system-out/>
</testsuite> <!-- frm.prg92 -->
