<?xml version="1.0" encoding="UTF-8"?>
<!-- Generated by org.testng.reporters.JUnitReportReporter -->
<testsuite hostname="DigitalExpert" failures="0" tests="2" name="frm.prg86" time="0.010" errors="0" timestamp="2022-10-05T17:33:27 IST" skipped="0">
  <testcase classname="frm.prg86" name="testA" time="0.008"/>
  <system-out>
    <![CDATA[testa is executed ]]>
  </system-out>
  <testcase classname="frm.prg86" name="testB" time="0.002"/>
  <system-out>
    <![CDATA[testb is executed ]]>
  </system-out>
</testsuite> <!-- frm.prg86 -->
