<?xml version="1.0" encoding="UTF-8"?>
<!-- Generated by org.testng.reporters.JUnitReportReporter -->
<testsuite hostname="DigitalExpert" failures="0" tests="2" name="frm.prg89" time="0.013" errors="0" timestamp="2022-10-05T22:33:08 IST" skipped="0">
  <testcase classname="frm.prg89" name="registeruser" time="0.012"/>
  <system-out>
    <![CDATA[user regi]]>
  </system-out>
  <testcase classname="frm.prg89" name="deluser" time="0.001"/>
  <system-out>
    <![CDATA[user del]]>
  </system-out>
</testsuite> <!-- frm.prg89 -->
