<?xml version="1.0" encoding="UTF-8"?>
<!-- Generated by org.testng.reporters.JUnitReportReporter -->
<testsuite hostname="DigitalExpert" failures="0" tests="1" name="frm.prg81" time="0.013" errors="0" timestamp="2022-10-05T12:37:46 IST" skipped="0">
  <testcase classname="frm.prg81" name="testa" time="0.013"/>
  <system-out>
    <![CDATA[abcd]]>
  </system-out>
</testsuite> <!-- frm.prg81 -->
