<?xml version="1.0" encoding="UTF-8"?>
<!-- Generated by org.testng.reporters.JUnitReportReporter -->
<testsuite hostname="DigitalExpert" failures="0" tests="1" name="frm.prg91" time="12.340" errors="0" timestamp="2022-10-05T22:42:32 IST" skipped="0">
  <testcase classname="frm.prg91" name="testA" time="12.340"/>
  <system-out/>
</testsuite> <!-- frm.prg91 -->
